<?xml version="1.0" encoding="UTF-8"?>
<testsuite xmlns:xsi="http://www.w3.org/2001/XMLSchema-instance" xsi:noNamespaceSchemaLocation="https://maven.apache.org/surefire/maven-surefire-plugin/xsd/surefire-test-report-3.0.xsd" version="3.0" name="TestSuite" time="7.789" tests="8" errors="0" skipped="0" failures="2">
  <properties>
[...]
</properties>
  <testcase name="getPlaceAPI" classname="Basics" time="6.91"/>
  <testcase name="createPlaceAPI" classname="Basics2" time="0"/>
  <testcase name="addAndDeletePlace" classname="Basics3" time="0"/>
  <testcase name="postDataXML" classname="Basics4" time="0.001">
    <failure message="1 expectation failed.&#10;Expected content-type &quot;XML&quot; doesn&apos;t match actual content-type &quot;application/json; charset=UTF-8&quot;.&#10;" type="java.lang.AssertionError">java.lang.AssertionError: 
1 expectation failed.
Expected content-type "XML" doesn't match actual content-type "application/json; charset=UTF-8".

	at Basics4.postDataXML(Basics4.java:27)
</failure>
  </testcase>
  <testcase name="extractingNamesAPI" classname="Basics5" time="0">
    <failure message="1 expectation failed.&#10;JSON path results[0].name doesn&apos;t match.&#10;Expected: Sydney&#10;  Actual: null&#10;" type="java.lang.AssertionError">java.lang.AssertionError: 
1 expectation failed.
JSON path results[0].name doesn't match.
Expected: Sydney
  Actual: null

	at Basics5.extractingNamesAPI(Basics5.java:27)
</failure>
  </testcase>
  <testcase name="JiraApiCreateIssue" classname="Basics6" time="0.001"/>
  <testcase name="JiraApiCreateComment" classname="Basics7" time="0.001"/>
  <testcase name="JiraApiUpdateComment" classname="Basics8" time="0.004"/>
</testsuite>